TN:
SF:src\App._test.js
FN:4,(anonymous_0)
FNF:1
FNH:0
FNDA:0,(anonymous_0)
DA:4,0
DA:5,0
DA:6,0
DA:7,0
LF:4
LH:0
BRF:0
BRH:0
end_of_record
TN:
SF:src\App.js
FN:8,App
FNF:1
FNH:0
FNDA:0,App
DA:9,0
LF:1
LH:0
BRF:0
BRH:0
end_of_record
TN:
SF:src\index.js
FNF:0
FNH:0
DA:8,0
DA:9,0
DA:18,0
LF:3
LH:0
BRF:0
BRH:0
end_of_record
TN:
SF:src\reportWebVitals.js
FN:1,(anonymous_0)
FN:3,(anonymous_1)
FNF:2
FNH:0
FNDA:0,(anonymous_0)
FNDA:0,(anonymous_1)
DA:1,0
DA:2,0
DA:3,0
DA:4,0
DA:5,0
DA:6,0
DA:7,0
DA:8,0
LF:8
LH:0
BRDA:2,0,0,0
BRDA:2,0,1,0
BRDA:2,1,0,0
BRDA:2,1,1,0
BRF:4
BRH:0
end_of_record
TN:
SF:src\Component\LoginForm.jsx
FN:4,LoginForm
FN:5,(anonymous_1)
FNF:2
FNH:1
FNDA:3,LoginForm
FNDA:0,(anonymous_1)
DA:5,3
DA:6,0
DA:8,0
DA:9,0
DA:12,0
DA:13,0
DA:16,3
LF:7
LH:2
BRF:0
BRH:0
end_of_record
TN:
SF:src\Component\RegisterForm.jsx
FN:5,RegisterForm
FN:6,(anonymous_1)
FNF:2
FNH:1
FNDA:4,RegisterForm
FNDA:0,(anonymous_1)
DA:6,4
DA:7,0
DA:9,0
DA:10,0
DA:13,0
DA:14,0
DA:17,4
LF:7
LH:2
BRF:0
BRH:0
end_of_record
TN:
SF:src\Component\SideBar.jsx
FN:4,NavBar
FNF:1
FNH:0
FNDA:0,NavBar
DA:5,0
LF:1
LH:0
BRF:0
BRH:0
end_of_record
TN:
SF:src\Pages\Home.jsx
FN:3,Home
FNF:1
FNH:0
FNDA:0,Home
DA:4,0
LF:1
LH:0
BRF:0
BRH:0
end_of_record
TN:
SF:src\Pages\LoginPage.jsx
FN:5,LoginPage
FNF:1
FNH:0
FNDA:0,LoginPage
DA:6,0
LF:1
LH:0
BRF:0
BRH:0
end_of_record
TN:
SF:src\Pages\RegisterPage.jsx
FN:5,RegisterPage
FNF:1
FNH:0
FNDA:0,RegisterPage
DA:6,0
LF:1
LH:0
BRF:0
BRH:0
end_of_record
